2022-05-29 14:33:32,299 - mmdet - INFO - Environment info:
------------------------------------------------------------
sys.platform: linux
Python: 3.7.3 (default, Mar  9 2022, 03:38:16) [GCC 8.3.0]
CUDA available: True
GPU 0: NVIDIA GeForce GTX 1050
CUDA_HOME: None
GCC: gcc (Uos 8.3.0.3-3+rebuild) 8.3.0
PyTorch: 1.8.2+cu102
PyTorch compiling details: PyTorch built with:
  - GCC 7.3
  - C++ Version: 201402
  - Intel(R) Math Kernel Library Version 2020.0.0 Product Build 20191122 for Intel(R) 64 architecture applications
  - Intel(R) MKL-DNN v1.7.0 (Git Hash 7aed236906b1f7a05c0917e5257a1af05e9ff683)
  - OpenMP 201511 (a.k.a. OpenMP 4.5)
  - NNPACK is enabled
  - CPU capability usage: AVX2
  - CUDA Runtime 10.2
  - NVCC architecture flags: -gencode;arch=compute_37,code=sm_37;-gencode;arch=compute_50,code=sm_50;-gencode;arch=compute_60,code=sm_60;-gencode;arch=compute_70,code=sm_70
  - CuDNN 7.6.5
  - Magma 2.5.2
  - Build settings: BLAS_INFO=mkl, BUILD_TYPE=Release, CUDA_VERSION=10.2, CUDNN_VERSION=7.6.5, CXX_COMPILER=/opt/rh/devtoolset-7/root/usr/bin/c++, CXX_FLAGS= -Wno-deprecated -fvisibility-inlines-hidden -DUSE_PTHREADPOOL -fopenmp -DNDEBUG -DUSE_KINETO -DUSE_FBGEMM -DUSE_QNNPACK -DUSE_PYTORCH_QNNPACK -DUSE_XNNPACK -O2 -fPIC -Wno-narrowing -Wall -Wextra -Werror=return-type -Wno-missing-field-initializers -Wno-type-limits -Wno-array-bounds -Wno-unknown-pragmas -Wno-sign-compare -Wno-unused-parameter -Wno-unused-variable -Wno-unused-function -Wno-unused-result -Wno-unused-local-typedefs -Wno-strict-overflow -Wno-strict-aliasing -Wno-error=deprecated-declarations -Wno-stringop-overflow -Wno-psabi -Wno-error=pedantic -Wno-error=redundant-decls -Wno-error=old-style-cast -fdiagnostics-color=always -faligned-new -Wno-unused-but-set-variable -Wno-maybe-uninitialized -fno-math-errno -fno-trapping-math -Werror=format -Wno-stringop-overflow, LAPACK_INFO=mkl, PERF_WITH_AVX=1, PERF_WITH_AVX2=1, PERF_WITH_AVX512=1, TORCH_VERSION=1.8.2, USE_CUDA=ON, USE_CUDNN=ON, USE_EXCEPTION_PTR=1, USE_GFLAGS=OFF, USE_GLOG=OFF, USE_MKL=ON, USE_MKLDNN=ON, USE_MPI=OFF, USE_NCCL=ON, USE_NNPACK=ON, USE_OPENMP=ON, 

TorchVision: 0.9.2+cu102
OpenCV: 4.5.5
MMCV: 1.3.17
MMCV Compiler: GCC 7.3
MMCV CUDA Compiler: 10.2
MMDetection: 2.12.0+b8c2d6a
------------------------------------------------------------

2022-05-29 14:33:32,857 - mmdet - INFO - Distributed training: False
2022-05-29 14:33:33,383 - mmdet - INFO - Config:
dataset_type = 'CocoDataset'
data_root = '/home/kuzuki/Downloads/coco/'
img_norm_cfg = dict(
    mean=[103.53, 116.28, 123.675], std=[1.0, 1.0, 1.0], to_rgb=False)
train_pipeline = [
    dict(type='LoadImageFromFile'),
    dict(type='LoadAnnotations', with_bbox=True),
    dict(type='Resize', img_scale=(1333, 800), keep_ratio=True),
    dict(type='RandomFlip', flip_ratio=0.5),
    dict(type='RandomShift', shift_ratio=0.5, max_shift_px=32),
    dict(
        type='Normalize',
        mean=[103.53, 116.28, 123.675],
        std=[1.0, 1.0, 1.0],
        to_rgb=False),
    dict(type='Pad', size_divisor=32),
    dict(type='DefaultFormatBundle'),
    dict(type='Collect', keys=['img', 'gt_bboxes', 'gt_labels'])
]
test_pipeline = [
    dict(type='LoadImageFromFile'),
    dict(
        type='MultiScaleFlipAug',
        img_scale=(1333, 800),
        flip=False,
        transforms=[
            dict(type='Resize', keep_ratio=True),
            dict(type='RandomFlip'),
            dict(
                type='Normalize',
                mean=[103.53, 116.28, 123.675],
                std=[1.0, 1.0, 1.0],
                to_rgb=False),
            dict(type='Pad', size_divisor=32),
            dict(type='ImageToTensor', keys=['img']),
            dict(type='Collect', keys=['img'])
        ])
]
data = dict(
    samples_per_gpu=1,
    workers_per_gpu=1,
    train=dict(
        type='CocoDataset',
        ann_file=
        '/home/kuzuki/Downloads/coco/annotations/instances_train2017.json',
        img_prefix='/home/kuzuki/Downloads/coco/train2017/',
        pipeline=[
            dict(type='LoadImageFromFile'),
            dict(type='LoadAnnotations', with_bbox=True),
            dict(type='Resize', img_scale=(1333, 800), keep_ratio=True),
            dict(type='RandomFlip', flip_ratio=0.5),
            dict(type='RandomShift', shift_ratio=0.5, max_shift_px=32),
            dict(
                type='Normalize',
                mean=[103.53, 116.28, 123.675],
                std=[1.0, 1.0, 1.0],
                to_rgb=False),
            dict(type='Pad', size_divisor=32),
            dict(type='DefaultFormatBundle'),
            dict(type='Collect', keys=['img', 'gt_bboxes', 'gt_labels'])
        ]),
    val=dict(
        type='CocoDataset',
        ann_file=
        '/home/kuzuki/Downloads/coco/annotations/instances_val2017.json',
        img_prefix='/home/kuzuki/Downloads/coco/val2017/',
        pipeline=[
            dict(type='LoadImageFromFile'),
            dict(
                type='MultiScaleFlipAug',
                img_scale=(1333, 800),
                flip=False,
                transforms=[
                    dict(type='Resize', keep_ratio=True),
                    dict(type='RandomFlip'),
                    dict(
                        type='Normalize',
                        mean=[103.53, 116.28, 123.675],
                        std=[1.0, 1.0, 1.0],
                        to_rgb=False),
                    dict(type='Pad', size_divisor=32),
                    dict(type='ImageToTensor', keys=['img']),
                    dict(type='Collect', keys=['img'])
                ])
        ]),
    test=dict(
        type='CocoDataset',
        ann_file=
        '/home/kuzuki/Downloads/coco/annotations/instances_val2017.json',
        img_prefix='/home/kuzuki/Downloads/coco/val2017/',
        pipeline=[
            dict(type='LoadImageFromFile'),
            dict(
                type='MultiScaleFlipAug',
                img_scale=(1333, 800),
                flip=False,
                transforms=[
                    dict(type='Resize', keep_ratio=True),
                    dict(type='RandomFlip'),
                    dict(
                        type='Normalize',
                        mean=[103.53, 116.28, 123.675],
                        std=[1.0, 1.0, 1.0],
                        to_rgb=False),
                    dict(type='Pad', size_divisor=32),
                    dict(type='ImageToTensor', keys=['img']),
                    dict(type='Collect', keys=['img'])
                ])
        ]))
evaluation = dict(interval=1, metric='bbox')
optimizer = dict(
    type='SGD',
    lr=0.12,
    momentum=0.9,
    weight_decay=0.0001,
    paramwise_cfg=dict(
        norm_decay_mult=0.0, custom_keys=dict(backbone=dict(lr_mult=0.1))))
optimizer_config = dict(grad_clip=None)
lr_config = dict(
    policy='step',
    warmup='linear',
    warmup_iters=1500,
    warmup_ratio=0.00066667,
    step=[8, 11])
runner = dict(type='EpochBasedRunner', max_epochs=12)
checkpoint_config = dict(interval=1)
log_config = dict(interval=50, hooks=[dict(type='TextLoggerHook')])
custom_hooks = [dict(type='NumClassCheckHook')]
dist_params = dict(backend='nccl')
log_level = 'INFO'
load_from = 'yolof.pth'
resume_from = None
workflow = [('train', 1)]
model = dict(
    type='YOLOF',
    pretrained='convnext_tiny_1k_224_ema.pth',
    backbone=dict(
        init_cfg=dict(type='Pretrained', checkpoint='new.pth'),
        type='ConvNeXt',
        depths=[3, 3, 9, 3],
        dims=[96, 192, 384, 768]),
    neck=dict(
        type='DilatedEncoder',
        in_channels=768,
        out_channels=512,
        block_mid_channels=128,
        num_residual_blocks=4),
    bbox_head=dict(
        type='YOLOFHead',
        num_classes=80,
        in_channels=512,
        reg_decoded_bbox=True,
        anchor_generator=dict(
            type='AnchorGenerator',
            ratios=[1.0],
            scales=[1, 2, 4, 8, 16],
            strides=[32]),
        bbox_coder=dict(
            type='DeltaXYWHBBoxCoder',
            target_means=[0.0, 0.0, 0.0, 0.0],
            target_stds=[1.0, 1.0, 1.0, 1.0],
            add_ctr_clamp=True,
            ctr_clamp=32),
        loss_cls=dict(
            type='FocalLoss',
            use_sigmoid=True,
            gamma=2.0,
            alpha=0.25,
            loss_weight=1.0),
        loss_bbox=dict(type='GIoULoss', loss_weight=1.0)),
    train_cfg=dict(
        assigner=dict(
            type='UniformAssigner', pos_ignore_thr=0.15, neg_ignore_thr=0.7),
        allowed_border=-1,
        pos_weight=-1,
        debug=False),
    test_cfg=dict(
        nms_pre=1000,
        min_bbox_size=0,
        score_thr=0.05,
        nms=dict(type='nms', iou_threshold=0.6),
        max_per_img=100))
custom_imports = dict(
    imports=['mmdet.models.backbones.convnext'], allow_failed_imports=False)
fp16 = dict(loss_scale='dynamic')
work_dir = './work_dirs/convbackboom'
gpu_ids = range(0, 1)

2022-05-29 14:33:34,853 - mmdet - INFO - initialize ConvNeXt with init_cfg {'type': 'Pretrained', 'checkpoint': 'new.pth'}
Name of parameter - Initialization information

backbone.downsample_layers.0.0.weight - torch.Size([96, 3, 4, 4]): 
PretrainedInit: load from new.pth 

backbone.downsample_layers.0.0.bias - torch.Size([96]): 
PretrainedInit: load from new.pth 

backbone.downsample_layers.0.1.weight - torch.Size([96]): 
PretrainedInit: load from new.pth 

backbone.downsample_layers.0.1.bias - torch.Size([96]): 
PretrainedInit: load from new.pth 

backbone.downsample_layers.1.0.weight - torch.Size([96]): 
PretrainedInit: load from new.pth 

backbone.downsample_layers.1.0.bias - torch.Size([96]): 
PretrainedInit: load from new.pth 

backbone.downsample_layers.1.1.weight - torch.Size([192, 96, 2, 2]): 
PretrainedInit: load from new.pth 

backbone.downsample_layers.1.1.bias - torch.Size([192]): 
PretrainedInit: load from new.pth 

backbone.downsample_layers.2.0.weight - torch.Size([192]): 
PretrainedInit: load from new.pth 

backbone.downsample_layers.2.0.bias - torch.Size([192]): 
PretrainedInit: load from new.pth 

backbone.downsample_layers.2.1.weight - torch.Size([384, 192, 2, 2]): 
PretrainedInit: load from new.pth 

backbone.downsample_layers.2.1.bias - torch.Size([384]): 
PretrainedInit: load from new.pth 

backbone.downsample_layers.3.0.weight - torch.Size([384]): 
PretrainedInit: load from new.pth 

backbone.downsample_layers.3.0.bias - torch.Size([384]): 
PretrainedInit: load from new.pth 

backbone.downsample_layers.3.1.weight - torch.Size([768, 384, 2, 2]): 
PretrainedInit: load from new.pth 

backbone.downsample_layers.3.1.bias - torch.Size([768]): 
PretrainedInit: load from new.pth 

backbone.stages.0.0.gamma - torch.Size([96]): 
PretrainedInit: load from new.pth 

backbone.stages.0.0.dwconv.weight - torch.Size([96, 1, 7, 7]): 
PretrainedInit: load from new.pth 

backbone.stages.0.0.dwconv.bias - torch.Size([96]): 
PretrainedInit: load from new.pth 

backbone.stages.0.0.norm.weight - torch.Size([96]): 
PretrainedInit: load from new.pth 

backbone.stages.0.0.norm.bias - torch.Size([96]): 
PretrainedInit: load from new.pth 

backbone.stages.0.0.pwconv1.weight - torch.Size([384, 96]): 
PretrainedInit: load from new.pth 

backbone.stages.0.0.pwconv1.bias - torch.Size([384]): 
PretrainedInit: load from new.pth 

backbone.stages.0.0.pwconv2.weight - torch.Size([96, 384]): 
PretrainedInit: load from new.pth 

backbone.stages.0.0.pwconv2.bias - torch.Size([96]): 
PretrainedInit: load from new.pth 

backbone.stages.0.1.gamma - torch.Size([96]): 
PretrainedInit: load from new.pth 

backbone.stages.0.1.dwconv.weight - torch.Size([96, 1, 7, 7]): 
PretrainedInit: load from new.pth 

backbone.stages.0.1.dwconv.bias - torch.Size([96]): 
PretrainedInit: load from new.pth 

backbone.stages.0.1.norm.weight - torch.Size([96]): 
PretrainedInit: load from new.pth 

backbone.stages.0.1.norm.bias - torch.Size([96]): 
PretrainedInit: load from new.pth 

backbone.stages.0.1.pwconv1.weight - torch.Size([384, 96]): 
PretrainedInit: load from new.pth 

backbone.stages.0.1.pwconv1.bias - torch.Size([384]): 
PretrainedInit: load from new.pth 

backbone.stages.0.1.pwconv2.weight - torch.Size([96, 384]): 
PretrainedInit: load from new.pth 

backbone.stages.0.1.pwconv2.bias - torch.Size([96]): 
PretrainedInit: load from new.pth 

backbone.stages.0.2.gamma - torch.Size([96]): 
PretrainedInit: load from new.pth 

backbone.stages.0.2.dwconv.weight - torch.Size([96, 1, 7, 7]): 
PretrainedInit: load from new.pth 

backbone.stages.0.2.dwconv.bias - torch.Size([96]): 
PretrainedInit: load from new.pth 

backbone.stages.0.2.norm.weight - torch.Size([96]): 
PretrainedInit: load from new.pth 

backbone.stages.0.2.norm.bias - torch.Size([96]): 
PretrainedInit: load from new.pth 

backbone.stages.0.2.pwconv1.weight - torch.Size([384, 96]): 
PretrainedInit: load from new.pth 

backbone.stages.0.2.pwconv1.bias - torch.Size([384]): 
PretrainedInit: load from new.pth 

backbone.stages.0.2.pwconv2.weight - torch.Size([96, 384]): 
PretrainedInit: load from new.pth 

backbone.stages.0.2.pwconv2.bias - torch.Size([96]): 
PretrainedInit: load from new.pth 

backbone.stages.1.0.gamma - torch.Size([192]): 
PretrainedInit: load from new.pth 

backbone.stages.1.0.dwconv.weight - torch.Size([192, 1, 7, 7]): 
PretrainedInit: load from new.pth 

backbone.stages.1.0.dwconv.bias - torch.Size([192]): 
PretrainedInit: load from new.pth 

backbone.stages.1.0.norm.weight - torch.Size([192]): 
PretrainedInit: load from new.pth 

backbone.stages.1.0.norm.bias - torch.Size([192]): 
PretrainedInit: load from new.pth 

backbone.stages.1.0.pwconv1.weight - torch.Size([768, 192]): 
PretrainedInit: load from new.pth 

backbone.stages.1.0.pwconv1.bias - torch.Size([768]): 
PretrainedInit: load from new.pth 

backbone.stages.1.0.pwconv2.weight - torch.Size([192, 768]): 
PretrainedInit: load from new.pth 

backbone.stages.1.0.pwconv2.bias - torch.Size([192]): 
PretrainedInit: load from new.pth 

backbone.stages.1.1.gamma - torch.Size([192]): 
PretrainedInit: load from new.pth 

backbone.stages.1.1.dwconv.weight - torch.Size([192, 1, 7, 7]): 
PretrainedInit: load from new.pth 

backbone.stages.1.1.dwconv.bias - torch.Size([192]): 
PretrainedInit: load from new.pth 

backbone.stages.1.1.norm.weight - torch.Size([192]): 
PretrainedInit: load from new.pth 

backbone.stages.1.1.norm.bias - torch.Size([192]): 
PretrainedInit: load from new.pth 

backbone.stages.1.1.pwconv1.weight - torch.Size([768, 192]): 
PretrainedInit: load from new.pth 

backbone.stages.1.1.pwconv1.bias - torch.Size([768]): 
PretrainedInit: load from new.pth 

backbone.stages.1.1.pwconv2.weight - torch.Size([192, 768]): 
PretrainedInit: load from new.pth 

backbone.stages.1.1.pwconv2.bias - torch.Size([192]): 
PretrainedInit: load from new.pth 

backbone.stages.1.2.gamma - torch.Size([192]): 
PretrainedInit: load from new.pth 

backbone.stages.1.2.dwconv.weight - torch.Size([192, 1, 7, 7]): 
PretrainedInit: load from new.pth 

backbone.stages.1.2.dwconv.bias - torch.Size([192]): 
PretrainedInit: load from new.pth 

backbone.stages.1.2.norm.weight - torch.Size([192]): 
PretrainedInit: load from new.pth 

backbone.stages.1.2.norm.bias - torch.Size([192]): 
PretrainedInit: load from new.pth 

backbone.stages.1.2.pwconv1.weight - torch.Size([768, 192]): 
PretrainedInit: load from new.pth 

backbone.stages.1.2.pwconv1.bias - torch.Size([768]): 
PretrainedInit: load from new.pth 

backbone.stages.1.2.pwconv2.weight - torch.Size([192, 768]): 
PretrainedInit: load from new.pth 

backbone.stages.1.2.pwconv2.bias - torch.Size([192]): 
PretrainedInit: load from new.pth 

backbone.stages.2.0.gamma - torch.Size([384]): 
PretrainedInit: load from new.pth 

backbone.stages.2.0.dwconv.weight - torch.Size([384, 1, 7, 7]): 
PretrainedInit: load from new.pth 

backbone.stages.2.0.dwconv.bias - torch.Size([384]): 
PretrainedInit: load from new.pth 

backbone.stages.2.0.norm.weight - torch.Size([384]): 
PretrainedInit: load from new.pth 

backbone.stages.2.0.norm.bias - torch.Size([384]): 
PretrainedInit: load from new.pth 

backbone.stages.2.0.pwconv1.weight - torch.Size([1536, 384]): 
PretrainedInit: load from new.pth 

backbone.stages.2.0.pwconv1.bias - torch.Size([1536]): 
PretrainedInit: load from new.pth 

backbone.stages.2.0.pwconv2.weight - torch.Size([384, 1536]): 
PretrainedInit: load from new.pth 

backbone.stages.2.0.pwconv2.bias - torch.Size([384]): 
PretrainedInit: load from new.pth 

backbone.stages.2.1.gamma - torch.Size([384]): 
PretrainedInit: load from new.pth 

backbone.stages.2.1.dwconv.weight - torch.Size([384, 1, 7, 7]): 
PretrainedInit: load from new.pth 

backbone.stages.2.1.dwconv.bias - torch.Size([384]): 
PretrainedInit: load from new.pth 

backbone.stages.2.1.norm.weight - torch.Size([384]): 
PretrainedInit: load from new.pth 

backbone.stages.2.1.norm.bias - torch.Size([384]): 
PretrainedInit: load from new.pth 

backbone.stages.2.1.pwconv1.weight - torch.Size([1536, 384]): 
PretrainedInit: load from new.pth 

backbone.stages.2.1.pwconv1.bias - torch.Size([1536]): 
PretrainedInit: load from new.pth 

backbone.stages.2.1.pwconv2.weight - torch.Size([384, 1536]): 
PretrainedInit: load from new.pth 

backbone.stages.2.1.pwconv2.bias - torch.Size([384]): 
PretrainedInit: load from new.pth 

backbone.stages.2.2.gamma - torch.Size([384]): 
PretrainedInit: load from new.pth 

backbone.stages.2.2.dwconv.weight - torch.Size([384, 1, 7, 7]): 
PretrainedInit: load from new.pth 

backbone.stages.2.2.dwconv.bias - torch.Size([384]): 
PretrainedInit: load from new.pth 

backbone.stages.2.2.norm.weight - torch.Size([384]): 
PretrainedInit: load from new.pth 

backbone.stages.2.2.norm.bias - torch.Size([384]): 
PretrainedInit: load from new.pth 

backbone.stages.2.2.pwconv1.weight - torch.Size([1536, 384]): 
PretrainedInit: load from new.pth 

backbone.stages.2.2.pwconv1.bias - torch.Size([1536]): 
PretrainedInit: load from new.pth 

backbone.stages.2.2.pwconv2.weight - torch.Size([384, 1536]): 
PretrainedInit: load from new.pth 

backbone.stages.2.2.pwconv2.bias - torch.Size([384]): 
PretrainedInit: load from new.pth 

backbone.stages.2.3.gamma - torch.Size([384]): 
PretrainedInit: load from new.pth 

backbone.stages.2.3.dwconv.weight - torch.Size([384, 1, 7, 7]): 
PretrainedInit: load from new.pth 

backbone.stages.2.3.dwconv.bias - torch.Size([384]): 
PretrainedInit: load from new.pth 

backbone.stages.2.3.norm.weight - torch.Size([384]): 
PretrainedInit: load from new.pth 

backbone.stages.2.3.norm.bias - torch.Size([384]): 
PretrainedInit: load from new.pth 

backbone.stages.2.3.pwconv1.weight - torch.Size([1536, 384]): 
PretrainedInit: load from new.pth 

backbone.stages.2.3.pwconv1.bias - torch.Size([1536]): 
PretrainedInit: load from new.pth 

backbone.stages.2.3.pwconv2.weight - torch.Size([384, 1536]): 
PretrainedInit: load from new.pth 

backbone.stages.2.3.pwconv2.bias - torch.Size([384]): 
PretrainedInit: load from new.pth 

backbone.stages.2.4.gamma - torch.Size([384]): 
PretrainedInit: load from new.pth 

backbone.stages.2.4.dwconv.weight - torch.Size([384, 1, 7, 7]): 
PretrainedInit: load from new.pth 

backbone.stages.2.4.dwconv.bias - torch.Size([384]): 
PretrainedInit: load from new.pth 

backbone.stages.2.4.norm.weight - torch.Size([384]): 
PretrainedInit: load from new.pth 

backbone.stages.2.4.norm.bias - torch.Size([384]): 
PretrainedInit: load from new.pth 

backbone.stages.2.4.pwconv1.weight - torch.Size([1536, 384]): 
PretrainedInit: load from new.pth 

backbone.stages.2.4.pwconv1.bias - torch.Size([1536]): 
PretrainedInit: load from new.pth 

backbone.stages.2.4.pwconv2.weight - torch.Size([384, 1536]): 
PretrainedInit: load from new.pth 

backbone.stages.2.4.pwconv2.bias - torch.Size([384]): 
PretrainedInit: load from new.pth 

backbone.stages.2.5.gamma - torch.Size([384]): 
PretrainedInit: load from new.pth 

backbone.stages.2.5.dwconv.weight - torch.Size([384, 1, 7, 7]): 
PretrainedInit: load from new.pth 

backbone.stages.2.5.dwconv.bias - torch.Size([384]): 
PretrainedInit: load from new.pth 

backbone.stages.2.5.norm.weight - torch.Size([384]): 
PretrainedInit: load from new.pth 

backbone.stages.2.5.norm.bias - torch.Size([384]): 
PretrainedInit: load from new.pth 

backbone.stages.2.5.pwconv1.weight - torch.Size([1536, 384]): 
PretrainedInit: load from new.pth 

backbone.stages.2.5.pwconv1.bias - torch.Size([1536]): 
PretrainedInit: load from new.pth 

backbone.stages.2.5.pwconv2.weight - torch.Size([384, 1536]): 
PretrainedInit: load from new.pth 

backbone.stages.2.5.pwconv2.bias - torch.Size([384]): 
PretrainedInit: load from new.pth 

backbone.stages.2.6.gamma - torch.Size([384]): 
PretrainedInit: load from new.pth 

backbone.stages.2.6.dwconv.weight - torch.Size([384, 1, 7, 7]): 
PretrainedInit: load from new.pth 

backbone.stages.2.6.dwconv.bias - torch.Size([384]): 
PretrainedInit: load from new.pth 

backbone.stages.2.6.norm.weight - torch.Size([384]): 
PretrainedInit: load from new.pth 

backbone.stages.2.6.norm.bias - torch.Size([384]): 
PretrainedInit: load from new.pth 

backbone.stages.2.6.pwconv1.weight - torch.Size([1536, 384]): 
PretrainedInit: load from new.pth 

backbone.stages.2.6.pwconv1.bias - torch.Size([1536]): 
PretrainedInit: load from new.pth 

backbone.stages.2.6.pwconv2.weight - torch.Size([384, 1536]): 
PretrainedInit: load from new.pth 

backbone.stages.2.6.pwconv2.bias - torch.Size([384]): 
PretrainedInit: load from new.pth 

backbone.stages.2.7.gamma - torch.Size([384]): 
PretrainedInit: load from new.pth 

backbone.stages.2.7.dwconv.weight - torch.Size([384, 1, 7, 7]): 
PretrainedInit: load from new.pth 

backbone.stages.2.7.dwconv.bias - torch.Size([384]): 
PretrainedInit: load from new.pth 

backbone.stages.2.7.norm.weight - torch.Size([384]): 
PretrainedInit: load from new.pth 

backbone.stages.2.7.norm.bias - torch.Size([384]): 
PretrainedInit: load from new.pth 

backbone.stages.2.7.pwconv1.weight - torch.Size([1536, 384]): 
PretrainedInit: load from new.pth 

backbone.stages.2.7.pwconv1.bias - torch.Size([1536]): 
PretrainedInit: load from new.pth 

backbone.stages.2.7.pwconv2.weight - torch.Size([384, 1536]): 
PretrainedInit: load from new.pth 

backbone.stages.2.7.pwconv2.bias - torch.Size([384]): 
PretrainedInit: load from new.pth 

backbone.stages.2.8.gamma - torch.Size([384]): 
PretrainedInit: load from new.pth 

backbone.stages.2.8.dwconv.weight - torch.Size([384, 1, 7, 7]): 
PretrainedInit: load from new.pth 

backbone.stages.2.8.dwconv.bias - torch.Size([384]): 
PretrainedInit: load from new.pth 

backbone.stages.2.8.norm.weight - torch.Size([384]): 
PretrainedInit: load from new.pth 

backbone.stages.2.8.norm.bias - torch.Size([384]): 
PretrainedInit: load from new.pth 

backbone.stages.2.8.pwconv1.weight - torch.Size([1536, 384]): 
PretrainedInit: load from new.pth 

backbone.stages.2.8.pwconv1.bias - torch.Size([1536]): 
PretrainedInit: load from new.pth 

backbone.stages.2.8.pwconv2.weight - torch.Size([384, 1536]): 
PretrainedInit: load from new.pth 

backbone.stages.2.8.pwconv2.bias - torch.Size([384]): 
PretrainedInit: load from new.pth 

backbone.stages.3.0.gamma - torch.Size([768]): 
PretrainedInit: load from new.pth 

backbone.stages.3.0.dwconv.weight - torch.Size([768, 1, 7, 7]): 
PretrainedInit: load from new.pth 

backbone.stages.3.0.dwconv.bias - torch.Size([768]): 
PretrainedInit: load from new.pth 

backbone.stages.3.0.norm.weight - torch.Size([768]): 
PretrainedInit: load from new.pth 

backbone.stages.3.0.norm.bias - torch.Size([768]): 
PretrainedInit: load from new.pth 

backbone.stages.3.0.pwconv1.weight - torch.Size([3072, 768]): 
PretrainedInit: load from new.pth 

backbone.stages.3.0.pwconv1.bias - torch.Size([3072]): 
PretrainedInit: load from new.pth 

backbone.stages.3.0.pwconv2.weight - torch.Size([768, 3072]): 
PretrainedInit: load from new.pth 

backbone.stages.3.0.pwconv2.bias - torch.Size([768]): 
PretrainedInit: load from new.pth 

backbone.stages.3.1.gamma - torch.Size([768]): 
PretrainedInit: load from new.pth 

backbone.stages.3.1.dwconv.weight - torch.Size([768, 1, 7, 7]): 
PretrainedInit: load from new.pth 

backbone.stages.3.1.dwconv.bias - torch.Size([768]): 
PretrainedInit: load from new.pth 

backbone.stages.3.1.norm.weight - torch.Size([768]): 
PretrainedInit: load from new.pth 

backbone.stages.3.1.norm.bias - torch.Size([768]): 
PretrainedInit: load from new.pth 

backbone.stages.3.1.pwconv1.weight - torch.Size([3072, 768]): 
PretrainedInit: load from new.pth 

backbone.stages.3.1.pwconv1.bias - torch.Size([3072]): 
PretrainedInit: load from new.pth 

backbone.stages.3.1.pwconv2.weight - torch.Size([768, 3072]): 
PretrainedInit: load from new.pth 

backbone.stages.3.1.pwconv2.bias - torch.Size([768]): 
PretrainedInit: load from new.pth 

backbone.stages.3.2.gamma - torch.Size([768]): 
PretrainedInit: load from new.pth 

backbone.stages.3.2.dwconv.weight - torch.Size([768, 1, 7, 7]): 
PretrainedInit: load from new.pth 

backbone.stages.3.2.dwconv.bias - torch.Size([768]): 
PretrainedInit: load from new.pth 

backbone.stages.3.2.norm.weight - torch.Size([768]): 
PretrainedInit: load from new.pth 

backbone.stages.3.2.norm.bias - torch.Size([768]): 
PretrainedInit: load from new.pth 

backbone.stages.3.2.pwconv1.weight - torch.Size([3072, 768]): 
PretrainedInit: load from new.pth 

backbone.stages.3.2.pwconv1.bias - torch.Size([3072]): 
PretrainedInit: load from new.pth 

backbone.stages.3.2.pwconv2.weight - torch.Size([768, 3072]): 
PretrainedInit: load from new.pth 

backbone.stages.3.2.pwconv2.bias - torch.Size([768]): 
PretrainedInit: load from new.pth 

backbone.norm0.weight - torch.Size([96]): 
The value is the same before and after calling `init_weights` of YOLOF  

backbone.norm0.bias - torch.Size([96]): 
The value is the same before and after calling `init_weights` of YOLOF  

backbone.norm1.weight - torch.Size([192]): 
The value is the same before and after calling `init_weights` of YOLOF  

backbone.norm1.bias - torch.Size([192]): 
The value is the same before and after calling `init_weights` of YOLOF  

backbone.norm2.weight - torch.Size([384]): 
The value is the same before and after calling `init_weights` of YOLOF  

backbone.norm2.bias - torch.Size([384]): 
The value is the same before and after calling `init_weights` of YOLOF  

backbone.norm3.weight - torch.Size([768]): 
The value is the same before and after calling `init_weights` of YOLOF  

backbone.norm3.bias - torch.Size([768]): 
The value is the same before and after calling `init_weights` of YOLOF  

neck.lateral_conv.weight - torch.Size([512, 768, 1, 1]): 
Initialized by user-defined `init_weights` in DilatedEncoder  

neck.lateral_conv.bias - torch.Size([512]): 
Initialized by user-defined `init_weights` in DilatedEncoder  

neck.lateral_norm.weight - torch.Size([512]): 
The value is the same before and after calling `init_weights` of YOLOF  

neck.lateral_norm.bias - torch.Size([512]): 
The value is the same before and after calling `init_weights` of YOLOF  

neck.fpn_conv.weight - torch.Size([512, 512, 3, 3]): 
Initialized by user-defined `init_weights` in DilatedEncoder  

neck.fpn_conv.bias - torch.Size([512]): 
Initialized by user-defined `init_weights` in DilatedEncoder  

neck.fpn_norm.weight - torch.Size([512]): 
The value is the same before and after calling `init_weights` of YOLOF  

neck.fpn_norm.bias - torch.Size([512]): 
The value is the same before and after calling `init_weights` of YOLOF  

neck.dilated_encoder_blocks.0.conv1.conv.weight - torch.Size([128, 512, 1, 1]): 
Initialized by user-defined `init_weights` in DilatedEncoder  

neck.dilated_encoder_blocks.0.conv1.bn.weight - torch.Size([128]): 
The value is the same before and after calling `init_weights` of YOLOF  

neck.dilated_encoder_blocks.0.conv1.bn.bias - torch.Size([128]): 
The value is the same before and after calling `init_weights` of YOLOF  

neck.dilated_encoder_blocks.0.conv2.conv.weight - torch.Size([128, 128, 3, 3]): 
Initialized by user-defined `init_weights` in DilatedEncoder  

neck.dilated_encoder_blocks.0.conv2.bn.weight - torch.Size([128]): 
The value is the same before and after calling `init_weights` of YOLOF  

neck.dilated_encoder_blocks.0.conv2.bn.bias - torch.Size([128]): 
The value is the same before and after calling `init_weights` of YOLOF  

neck.dilated_encoder_blocks.0.conv3.conv.weight - torch.Size([512, 128, 1, 1]): 
Initialized by user-defined `init_weights` in DilatedEncoder  

neck.dilated_encoder_blocks.0.conv3.bn.weight - torch.Size([512]): 
The value is the same before and after calling `init_weights` of YOLOF  

neck.dilated_encoder_blocks.0.conv3.bn.bias - torch.Size([512]): 
The value is the same before and after calling `init_weights` of YOLOF  

neck.dilated_encoder_blocks.1.conv1.conv.weight - torch.Size([128, 512, 1, 1]): 
Initialized by user-defined `init_weights` in DilatedEncoder  

neck.dilated_encoder_blocks.1.conv1.bn.weight - torch.Size([128]): 
The value is the same before and after calling `init_weights` of YOLOF  

neck.dilated_encoder_blocks.1.conv1.bn.bias - torch.Size([128]): 
The value is the same before and after calling `init_weights` of YOLOF  

neck.dilated_encoder_blocks.1.conv2.conv.weight - torch.Size([128, 128, 3, 3]): 
Initialized by user-defined `init_weights` in DilatedEncoder  

neck.dilated_encoder_blocks.1.conv2.bn.weight - torch.Size([128]): 
The value is the same before and after calling `init_weights` of YOLOF  

neck.dilated_encoder_blocks.1.conv2.bn.bias - torch.Size([128]): 
The value is the same before and after calling `init_weights` of YOLOF  

neck.dilated_encoder_blocks.1.conv3.conv.weight - torch.Size([512, 128, 1, 1]): 
Initialized by user-defined `init_weights` in DilatedEncoder  

neck.dilated_encoder_blocks.1.conv3.bn.weight - torch.Size([512]): 
The value is the same before and after calling `init_weights` of YOLOF  

neck.dilated_encoder_blocks.1.conv3.bn.bias - torch.Size([512]): 
The value is the same before and after calling `init_weights` of YOLOF  

neck.dilated_encoder_blocks.2.conv1.conv.weight - torch.Size([128, 512, 1, 1]): 
Initialized by user-defined `init_weights` in DilatedEncoder  

neck.dilated_encoder_blocks.2.conv1.bn.weight - torch.Size([128]): 
The value is the same before and after calling `init_weights` of YOLOF  

neck.dilated_encoder_blocks.2.conv1.bn.bias - torch.Size([128]): 
The value is the same before and after calling `init_weights` of YOLOF  

neck.dilated_encoder_blocks.2.conv2.conv.weight - torch.Size([128, 128, 3, 3]): 
Initialized by user-defined `init_weights` in DilatedEncoder  

neck.dilated_encoder_blocks.2.conv2.bn.weight - torch.Size([128]): 
The value is the same before and after calling `init_weights` of YOLOF  

neck.dilated_encoder_blocks.2.conv2.bn.bias - torch.Size([128]): 
The value is the same before and after calling `init_weights` of YOLOF  

neck.dilated_encoder_blocks.2.conv3.conv.weight - torch.Size([512, 128, 1, 1]): 
Initialized by user-defined `init_weights` in DilatedEncoder  

neck.dilated_encoder_blocks.2.conv3.bn.weight - torch.Size([512]): 
The value is the same before and after calling `init_weights` of YOLOF  

neck.dilated_encoder_blocks.2.conv3.bn.bias - torch.Size([512]): 
The value is the same before and after calling `init_weights` of YOLOF  

neck.dilated_encoder_blocks.3.conv1.conv.weight - torch.Size([128, 512, 1, 1]): 
Initialized by user-defined `init_weights` in DilatedEncoder  

neck.dilated_encoder_blocks.3.conv1.bn.weight - torch.Size([128]): 
The value is the same before and after calling `init_weights` of YOLOF  

neck.dilated_encoder_blocks.3.conv1.bn.bias - torch.Size([128]): 
The value is the same before and after calling `init_weights` of YOLOF  

neck.dilated_encoder_blocks.3.conv2.conv.weight - torch.Size([128, 128, 3, 3]): 
Initialized by user-defined `init_weights` in DilatedEncoder  

neck.dilated_encoder_blocks.3.conv2.bn.weight - torch.Size([128]): 
The value is the same before and after calling `init_weights` of YOLOF  

neck.dilated_encoder_blocks.3.conv2.bn.bias - torch.Size([128]): 
The value is the same before and after calling `init_weights` of YOLOF  

neck.dilated_encoder_blocks.3.conv3.conv.weight - torch.Size([512, 128, 1, 1]): 
Initialized by user-defined `init_weights` in DilatedEncoder  

neck.dilated_encoder_blocks.3.conv3.bn.weight - torch.Size([512]): 
The value is the same before and after calling `init_weights` of YOLOF  

neck.dilated_encoder_blocks.3.conv3.bn.bias - torch.Size([512]): 
The value is the same before and after calling `init_weights` of YOLOF  

bbox_head.cls_subnet.0.conv.weight - torch.Size([512, 512, 3, 3]): 
Initialized by user-defined `init_weights` in YOLOFHead  

bbox_head.cls_subnet.0.bn.weight - torch.Size([512]): 
The value is the same before and after calling `init_weights` of YOLOF  

bbox_head.cls_subnet.0.bn.bias - torch.Size([512]): 
The value is the same before and after calling `init_weights` of YOLOF  

bbox_head.cls_subnet.1.conv.weight - torch.Size([512, 512, 3, 3]): 
Initialized by user-defined `init_weights` in YOLOFHead  

bbox_head.cls_subnet.1.bn.weight - torch.Size([512]): 
The value is the same before and after calling `init_weights` of YOLOF  

bbox_head.cls_subnet.1.bn.bias - torch.Size([512]): 
The value is the same before and after calling `init_weights` of YOLOF  

bbox_head.bbox_subnet.0.conv.weight - torch.Size([512, 512, 3, 3]): 
Initialized by user-defined `init_weights` in YOLOFHead  

bbox_head.bbox_subnet.0.bn.weight - torch.Size([512]): 
The value is the same before and after calling `init_weights` of YOLOF  

bbox_head.bbox_subnet.0.bn.bias - torch.Size([512]): 
The value is the same before and after calling `init_weights` of YOLOF  

bbox_head.bbox_subnet.1.conv.weight - torch.Size([512, 512, 3, 3]): 
Initialized by user-defined `init_weights` in YOLOFHead  

bbox_head.bbox_subnet.1.bn.weight - torch.Size([512]): 
The value is the same before and after calling `init_weights` of YOLOF  

bbox_head.bbox_subnet.1.bn.bias - torch.Size([512]): 
The value is the same before and after calling `init_weights` of YOLOF  

bbox_head.bbox_subnet.2.conv.weight - torch.Size([512, 512, 3, 3]): 
Initialized by user-defined `init_weights` in YOLOFHead  

bbox_head.bbox_subnet.2.bn.weight - torch.Size([512]): 
The value is the same before and after calling `init_weights` of YOLOF  

bbox_head.bbox_subnet.2.bn.bias - torch.Size([512]): 
The value is the same before and after calling `init_weights` of YOLOF  

bbox_head.bbox_subnet.3.conv.weight - torch.Size([512, 512, 3, 3]): 
Initialized by user-defined `init_weights` in YOLOFHead  

bbox_head.bbox_subnet.3.bn.weight - torch.Size([512]): 
The value is the same before and after calling `init_weights` of YOLOF  

bbox_head.bbox_subnet.3.bn.bias - torch.Size([512]): 
The value is the same before and after calling `init_weights` of YOLOF  

bbox_head.cls_score.weight - torch.Size([400, 512, 3, 3]): 
Initialized by user-defined `init_weights` in YOLOFHead  

bbox_head.cls_score.bias - torch.Size([400]): 
Initialized by user-defined `init_weights` in YOLOFHead  

bbox_head.bbox_pred.weight - torch.Size([20, 512, 3, 3]): 
Initialized by user-defined `init_weights` in YOLOFHead  

bbox_head.bbox_pred.bias - torch.Size([20]): 
Initialized by user-defined `init_weights` in YOLOFHead  

bbox_head.object_pred.weight - torch.Size([5, 512, 3, 3]): 
Initialized by user-defined `init_weights` in YOLOFHead  

bbox_head.object_pred.bias - torch.Size([5]): 
Initialized by user-defined `init_weights` in YOLOFHead  
2022-05-29 14:33:51,316 - mmdet - INFO - load checkpoint from local path: yolof.pth
2022-05-29 14:33:51,414 - mmdet - WARNING - The model and loaded state dict do not match exactly

size mismatch for neck.lateral_conv.weight: copying a param with shape torch.Size([512, 2048, 1, 1]) from checkpoint, the shape in current model is torch.Size([512, 768, 1, 1]).
unexpected key in source state_dict: backbone.conv1.weight, backbone.bn1.weight, backbone.bn1.bias, backbone.bn1.running_mean, backbone.bn1.running_var, backbone.bn1.num_batches_tracked, backbone.layer1.0.conv1.weight, backbone.layer1.0.bn1.weight, backbone.layer1.0.bn1.bias, backbone.layer1.0.bn1.running_mean, backbone.layer1.0.bn1.running_var, backbone.layer1.0.bn1.num_batches_tracked, backbone.layer1.0.conv2.weight, backbone.layer1.0.bn2.weight, backbone.layer1.0.bn2.bias, backbone.layer1.0.bn2.running_mean, backbone.layer1.0.bn2.running_var, backbone.layer1.0.bn2.num_batches_tracked, backbone.layer1.0.conv3.weight, backbone.layer1.0.bn3.weight, backbone.layer1.0.bn3.bias, backbone.layer1.0.bn3.running_mean, backbone.layer1.0.bn3.running_var, backbone.layer1.0.bn3.num_batches_tracked, backbone.layer1.0.downsample.0.weight, backbone.layer1.0.downsample.1.weight, backbone.layer1.0.downsample.1.bias, backbone.layer1.0.downsample.1.running_mean, backbone.layer1.0.downsample.1.running_var, backbone.layer1.0.downsample.1.num_batches_tracked, backbone.layer1.1.conv1.weight, backbone.layer1.1.bn1.weight, backbone.layer1.1.bn1.bias, backbone.layer1.1.bn1.running_mean, backbone.layer1.1.bn1.running_var, backbone.layer1.1.bn1.num_batches_tracked, backbone.layer1.1.conv2.weight, backbone.layer1.1.bn2.weight, backbone.layer1.1.bn2.bias, backbone.layer1.1.bn2.running_mean, backbone.layer1.1.bn2.running_var, backbone.layer1.1.bn2.num_batches_tracked, backbone.layer1.1.conv3.weight, backbone.layer1.1.bn3.weight, backbone.layer1.1.bn3.bias, backbone.layer1.1.bn3.running_mean, backbone.layer1.1.bn3.running_var, backbone.layer1.1.bn3.num_batches_tracked, backbone.layer1.2.conv1.weight, backbone.layer1.2.bn1.weight, backbone.layer1.2.bn1.bias, backbone.layer1.2.bn1.running_mean, backbone.layer1.2.bn1.running_var, backbone.layer1.2.bn1.num_batches_tracked, backbone.layer1.2.conv2.weight, backbone.layer1.2.bn2.weight, backbone.layer1.2.bn2.bias, backbone.layer1.2.bn2.running_mean, backbone.layer1.2.bn2.running_var, backbone.layer1.2.bn2.num_batches_tracked, backbone.layer1.2.conv3.weight, backbone.layer1.2.bn3.weight, backbone.layer1.2.bn3.bias, backbone.layer1.2.bn3.running_mean, backbone.layer1.2.bn3.running_var, backbone.layer1.2.bn3.num_batches_tracked, backbone.layer2.0.conv1.weight, backbone.layer2.0.bn1.weight, backbone.layer2.0.bn1.bias, backbone.layer2.0.bn1.running_mean, backbone.layer2.0.bn1.running_var, backbone.layer2.0.bn1.num_batches_tracked, backbone.layer2.0.conv2.weight, backbone.layer2.0.bn2.weight, backbone.layer2.0.bn2.bias, backbone.layer2.0.bn2.running_mean, backbone.layer2.0.bn2.running_var, backbone.layer2.0.bn2.num_batches_tracked, backbone.layer2.0.conv3.weight, backbone.layer2.0.bn3.weight, backbone.layer2.0.bn3.bias, backbone.layer2.0.bn3.running_mean, backbone.layer2.0.bn3.running_var, backbone.layer2.0.bn3.num_batches_tracked, backbone.layer2.0.downsample.0.weight, backbone.layer2.0.downsample.1.weight, backbone.layer2.0.downsample.1.bias, backbone.layer2.0.downsample.1.running_mean, backbone.layer2.0.downsample.1.running_var, backbone.layer2.0.downsample.1.num_batches_tracked, backbone.layer2.1.conv1.weight, backbone.layer2.1.bn1.weight, backbone.layer2.1.bn1.bias, backbone.layer2.1.bn1.running_mean, backbone.layer2.1.bn1.running_var, backbone.layer2.1.bn1.num_batches_tracked, backbone.layer2.1.conv2.weight, backbone.layer2.1.bn2.weight, backbone.layer2.1.bn2.bias, backbone.layer2.1.bn2.running_mean, backbone.layer2.1.bn2.running_var, backbone.layer2.1.bn2.num_batches_tracked, backbone.layer2.1.conv3.weight, backbone.layer2.1.bn3.weight, backbone.layer2.1.bn3.bias, backbone.layer2.1.bn3.running_mean, backbone.layer2.1.bn3.running_var, backbone.layer2.1.bn3.num_batches_tracked, backbone.layer2.2.conv1.weight, backbone.layer2.2.bn1.weight, backbone.layer2.2.bn1.bias, backbone.layer2.2.bn1.running_mean, backbone.layer2.2.bn1.running_var, backbone.layer2.2.bn1.num_batches_tracked, backbone.layer2.2.conv2.weight, backbone.layer2.2.bn2.weight, backbone.layer2.2.bn2.bias, backbone.layer2.2.bn2.running_mean, backbone.layer2.2.bn2.running_var, backbone.layer2.2.bn2.num_batches_tracked, backbone.layer2.2.conv3.weight, backbone.layer2.2.bn3.weight, backbone.layer2.2.bn3.bias, backbone.layer2.2.bn3.running_mean, backbone.layer2.2.bn3.running_var, backbone.layer2.2.bn3.num_batches_tracked, backbone.layer2.3.conv1.weight, backbone.layer2.3.bn1.weight, backbone.layer2.3.bn1.bias, backbone.layer2.3.bn1.running_mean, backbone.layer2.3.bn1.running_var, backbone.layer2.3.bn1.num_batches_tracked, backbone.layer2.3.conv2.weight, backbone.layer2.3.bn2.weight, backbone.layer2.3.bn2.bias, backbone.layer2.3.bn2.running_mean, backbone.layer2.3.bn2.running_var, backbone.layer2.3.bn2.num_batches_tracked, backbone.layer2.3.conv3.weight, backbone.layer2.3.bn3.weight, backbone.layer2.3.bn3.bias, backbone.layer2.3.bn3.running_mean, backbone.layer2.3.bn3.running_var, backbone.layer2.3.bn3.num_batches_tracked, backbone.layer3.0.conv1.weight, backbone.layer3.0.bn1.weight, backbone.layer3.0.bn1.bias, backbone.layer3.0.bn1.running_mean, backbone.layer3.0.bn1.running_var, backbone.layer3.0.bn1.num_batches_tracked, backbone.layer3.0.conv2.weight, backbone.layer3.0.bn2.weight, backbone.layer3.0.bn2.bias, backbone.layer3.0.bn2.running_mean, backbone.layer3.0.bn2.running_var, backbone.layer3.0.bn2.num_batches_tracked, backbone.layer3.0.conv3.weight, backbone.layer3.0.bn3.weight, backbone.layer3.0.bn3.bias, backbone.layer3.0.bn3.running_mean, backbone.layer3.0.bn3.running_var, backbone.layer3.0.bn3.num_batches_tracked, backbone.layer3.0.downsample.0.weight, backbone.layer3.0.downsample.1.weight, backbone.layer3.0.downsample.1.bias, backbone.layer3.0.downsample.1.running_mean, backbone.layer3.0.downsample.1.running_var, backbone.layer3.0.downsample.1.num_batches_tracked, backbone.layer3.1.conv1.weight, backbone.layer3.1.bn1.weight, backbone.layer3.1.bn1.bias, backbone.layer3.1.bn1.running_mean, backbone.layer3.1.bn1.running_var, backbone.layer3.1.bn1.num_batches_tracked, backbone.layer3.1.conv2.weight, backbone.layer3.1.bn2.weight, backbone.layer3.1.bn2.bias, backbone.layer3.1.bn2.running_mean, backbone.layer3.1.bn2.running_var, backbone.layer3.1.bn2.num_batches_tracked, backbone.layer3.1.conv3.weight, backbone.layer3.1.bn3.weight, backbone.layer3.1.bn3.bias, backbone.layer3.1.bn3.running_mean, backbone.layer3.1.bn3.running_var, backbone.layer3.1.bn3.num_batches_tracked, backbone.layer3.2.conv1.weight, backbone.layer3.2.bn1.weight, backbone.layer3.2.bn1.bias, backbone.layer3.2.bn1.running_mean, backbone.layer3.2.bn1.running_var, backbone.layer3.2.bn1.num_batches_tracked, backbone.layer3.2.conv2.weight, backbone.layer3.2.bn2.weight, backbone.layer3.2.bn2.bias, backbone.layer3.2.bn2.running_mean, backbone.layer3.2.bn2.running_var, backbone.layer3.2.bn2.num_batches_tracked, backbone.layer3.2.conv3.weight, backbone.layer3.2.bn3.weight, backbone.layer3.2.bn3.bias, backbone.layer3.2.bn3.running_mean, backbone.layer3.2.bn3.running_var, backbone.layer3.2.bn3.num_batches_tracked, backbone.layer3.3.conv1.weight, backbone.layer3.3.bn1.weight, backbone.layer3.3.bn1.bias, backbone.layer3.3.bn1.running_mean, backbone.layer3.3.bn1.running_var, backbone.layer3.3.bn1.num_batches_tracked, backbone.layer3.3.conv2.weight, backbone.layer3.3.bn2.weight, backbone.layer3.3.bn2.bias, backbone.layer3.3.bn2.running_mean, backbone.layer3.3.bn2.running_var, backbone.layer3.3.bn2.num_batches_tracked, backbone.layer3.3.conv3.weight, backbone.layer3.3.bn3.weight, backbone.layer3.3.bn3.bias, backbone.layer3.3.bn3.running_mean, backbone.layer3.3.bn3.running_var, backbone.layer3.3.bn3.num_batches_tracked, backbone.layer3.4.conv1.weight, backbone.layer3.4.bn1.weight, backbone.layer3.4.bn1.bias, backbone.layer3.4.bn1.running_mean, backbone.layer3.4.bn1.running_var, backbone.layer3.4.bn1.num_batches_tracked, backbone.layer3.4.conv2.weight, backbone.layer3.4.bn2.weight, backbone.layer3.4.bn2.bias, backbone.layer3.4.bn2.running_mean, backbone.layer3.4.bn2.running_var, backbone.layer3.4.bn2.num_batches_tracked, backbone.layer3.4.conv3.weight, backbone.layer3.4.bn3.weight, backbone.layer3.4.bn3.bias, backbone.layer3.4.bn3.running_mean, backbone.layer3.4.bn3.running_var, backbone.layer3.4.bn3.num_batches_tracked, backbone.layer3.5.conv1.weight, backbone.layer3.5.bn1.weight, backbone.layer3.5.bn1.bias, backbone.layer3.5.bn1.running_mean, backbone.layer3.5.bn1.running_var, backbone.layer3.5.bn1.num_batches_tracked, backbone.layer3.5.conv2.weight, backbone.layer3.5.bn2.weight, backbone.layer3.5.bn2.bias, backbone.layer3.5.bn2.running_mean, backbone.layer3.5.bn2.running_var, backbone.layer3.5.bn2.num_batches_tracked, backbone.layer3.5.conv3.weight, backbone.layer3.5.bn3.weight, backbone.layer3.5.bn3.bias, backbone.layer3.5.bn3.running_mean, backbone.layer3.5.bn3.running_var, backbone.layer3.5.bn3.num_batches_tracked, backbone.layer4.0.conv1.weight, backbone.layer4.0.bn1.weight, backbone.layer4.0.bn1.bias, backbone.layer4.0.bn1.running_mean, backbone.layer4.0.bn1.running_var, backbone.layer4.0.bn1.num_batches_tracked, backbone.layer4.0.conv2.weight, backbone.layer4.0.bn2.weight, backbone.layer4.0.bn2.bias, backbone.layer4.0.bn2.running_mean, backbone.layer4.0.bn2.running_var, backbone.layer4.0.bn2.num_batches_tracked, backbone.layer4.0.conv3.weight, backbone.layer4.0.bn3.weight, backbone.layer4.0.bn3.bias, backbone.layer4.0.bn3.running_mean, backbone.layer4.0.bn3.running_var, backbone.layer4.0.bn3.num_batches_tracked, backbone.layer4.0.downsample.0.weight, backbone.layer4.0.downsample.1.weight, backbone.layer4.0.downsample.1.bias, backbone.layer4.0.downsample.1.running_mean, backbone.layer4.0.downsample.1.running_var, backbone.layer4.0.downsample.1.num_batches_tracked, backbone.layer4.1.conv1.weight, backbone.layer4.1.bn1.weight, backbone.layer4.1.bn1.bias, backbone.layer4.1.bn1.running_mean, backbone.layer4.1.bn1.running_var, backbone.layer4.1.bn1.num_batches_tracked, backbone.layer4.1.conv2.weight, backbone.layer4.1.bn2.weight, backbone.layer4.1.bn2.bias, backbone.layer4.1.bn2.running_mean, backbone.layer4.1.bn2.running_var, backbone.layer4.1.bn2.num_batches_tracked, backbone.layer4.1.conv3.weight, backbone.layer4.1.bn3.weight, backbone.layer4.1.bn3.bias, backbone.layer4.1.bn3.running_mean, backbone.layer4.1.bn3.running_var, backbone.layer4.1.bn3.num_batches_tracked, backbone.layer4.2.conv1.weight, backbone.layer4.2.bn1.weight, backbone.layer4.2.bn1.bias, backbone.layer4.2.bn1.running_mean, backbone.layer4.2.bn1.running_var, backbone.layer4.2.bn1.num_batches_tracked, backbone.layer4.2.conv2.weight, backbone.layer4.2.bn2.weight, backbone.layer4.2.bn2.bias, backbone.layer4.2.bn2.running_mean, backbone.layer4.2.bn2.running_var, backbone.layer4.2.bn2.num_batches_tracked, backbone.layer4.2.conv3.weight, backbone.layer4.2.bn3.weight, backbone.layer4.2.bn3.bias, backbone.layer4.2.bn3.running_mean, backbone.layer4.2.bn3.running_var, backbone.layer4.2.bn3.num_batches_tracked

missing keys in source state_dict: backbone.downsample_layers.0.0.weight, backbone.downsample_layers.0.0.bias, backbone.downsample_layers.0.1.weight, backbone.downsample_layers.0.1.bias, backbone.downsample_layers.1.0.weight, backbone.downsample_layers.1.0.bias, backbone.downsample_layers.1.1.weight, backbone.downsample_layers.1.1.bias, backbone.downsample_layers.2.0.weight, backbone.downsample_layers.2.0.bias, backbone.downsample_layers.2.1.weight, backbone.downsample_layers.2.1.bias, backbone.downsample_layers.3.0.weight, backbone.downsample_layers.3.0.bias, backbone.downsample_layers.3.1.weight, backbone.downsample_layers.3.1.bias, backbone.stages.0.0.gamma, backbone.stages.0.0.dwconv.weight, backbone.stages.0.0.dwconv.bias, backbone.stages.0.0.norm.weight, backbone.stages.0.0.norm.bias, backbone.stages.0.0.pwconv1.weight, backbone.stages.0.0.pwconv1.bias, backbone.stages.0.0.pwconv2.weight, backbone.stages.0.0.pwconv2.bias, backbone.stages.0.1.gamma, backbone.stages.0.1.dwconv.weight, backbone.stages.0.1.dwconv.bias, backbone.stages.0.1.norm.weight, backbone.stages.0.1.norm.bias, backbone.stages.0.1.pwconv1.weight, backbone.stages.0.1.pwconv1.bias, backbone.stages.0.1.pwconv2.weight, backbone.stages.0.1.pwconv2.bias, backbone.stages.0.2.gamma, backbone.stages.0.2.dwconv.weight, backbone.stages.0.2.dwconv.bias, backbone.stages.0.2.norm.weight, backbone.stages.0.2.norm.bias, backbone.stages.0.2.pwconv1.weight, backbone.stages.0.2.pwconv1.bias, backbone.stages.0.2.pwconv2.weight, backbone.stages.0.2.pwconv2.bias, backbone.stages.1.0.gamma, backbone.stages.1.0.dwconv.weight, backbone.stages.1.0.dwconv.bias, backbone.stages.1.0.norm.weight, backbone.stages.1.0.norm.bias, backbone.stages.1.0.pwconv1.weight, backbone.stages.1.0.pwconv1.bias, backbone.stages.1.0.pwconv2.weight, backbone.stages.1.0.pwconv2.bias, backbone.stages.1.1.gamma, backbone.stages.1.1.dwconv.weight, backbone.stages.1.1.dwconv.bias, backbone.stages.1.1.norm.weight, backbone.stages.1.1.norm.bias, backbone.stages.1.1.pwconv1.weight, backbone.stages.1.1.pwconv1.bias, backbone.stages.1.1.pwconv2.weight, backbone.stages.1.1.pwconv2.bias, backbone.stages.1.2.gamma, backbone.stages.1.2.dwconv.weight, backbone.stages.1.2.dwconv.bias, backbone.stages.1.2.norm.weight, backbone.stages.1.2.norm.bias, backbone.stages.1.2.pwconv1.weight, backbone.stages.1.2.pwconv1.bias, backbone.stages.1.2.pwconv2.weight, backbone.stages.1.2.pwconv2.bias, backbone.stages.2.0.gamma, backbone.stages.2.0.dwconv.weight, backbone.stages.2.0.dwconv.bias, backbone.stages.2.0.norm.weight, backbone.stages.2.0.norm.bias, backbone.stages.2.0.pwconv1.weight, backbone.stages.2.0.pwconv1.bias, backbone.stages.2.0.pwconv2.weight, backbone.stages.2.0.pwconv2.bias, backbone.stages.2.1.gamma, backbone.stages.2.1.dwconv.weight, backbone.stages.2.1.dwconv.bias, backbone.stages.2.1.norm.weight, backbone.stages.2.1.norm.bias, backbone.stages.2.1.pwconv1.weight, backbone.stages.2.1.pwconv1.bias, backbone.stages.2.1.pwconv2.weight, backbone.stages.2.1.pwconv2.bias, backbone.stages.2.2.gamma, backbone.stages.2.2.dwconv.weight, backbone.stages.2.2.dwconv.bias, backbone.stages.2.2.norm.weight, backbone.stages.2.2.norm.bias, backbone.stages.2.2.pwconv1.weight, backbone.stages.2.2.pwconv1.bias, backbone.stages.2.2.pwconv2.weight, backbone.stages.2.2.pwconv2.bias, backbone.stages.2.3.gamma, backbone.stages.2.3.dwconv.weight, backbone.stages.2.3.dwconv.bias, backbone.stages.2.3.norm.weight, backbone.stages.2.3.norm.bias, backbone.stages.2.3.pwconv1.weight, backbone.stages.2.3.pwconv1.bias, backbone.stages.2.3.pwconv2.weight, backbone.stages.2.3.pwconv2.bias, backbone.stages.2.4.gamma, backbone.stages.2.4.dwconv.weight, backbone.stages.2.4.dwconv.bias, backbone.stages.2.4.norm.weight, backbone.stages.2.4.norm.bias, backbone.stages.2.4.pwconv1.weight, backbone.stages.2.4.pwconv1.bias, backbone.stages.2.4.pwconv2.weight, backbone.stages.2.4.pwconv2.bias, backbone.stages.2.5.gamma, backbone.stages.2.5.dwconv.weight, backbone.stages.2.5.dwconv.bias, backbone.stages.2.5.norm.weight, backbone.stages.2.5.norm.bias, backbone.stages.2.5.pwconv1.weight, backbone.stages.2.5.pwconv1.bias, backbone.stages.2.5.pwconv2.weight, backbone.stages.2.5.pwconv2.bias, backbone.stages.2.6.gamma, backbone.stages.2.6.dwconv.weight, backbone.stages.2.6.dwconv.bias, backbone.stages.2.6.norm.weight, backbone.stages.2.6.norm.bias, backbone.stages.2.6.pwconv1.weight, backbone.stages.2.6.pwconv1.bias, backbone.stages.2.6.pwconv2.weight, backbone.stages.2.6.pwconv2.bias, backbone.stages.2.7.gamma, backbone.stages.2.7.dwconv.weight, backbone.stages.2.7.dwconv.bias, backbone.stages.2.7.norm.weight, backbone.stages.2.7.norm.bias, backbone.stages.2.7.pwconv1.weight, backbone.stages.2.7.pwconv1.bias, backbone.stages.2.7.pwconv2.weight, backbone.stages.2.7.pwconv2.bias, backbone.stages.2.8.gamma, backbone.stages.2.8.dwconv.weight, backbone.stages.2.8.dwconv.bias, backbone.stages.2.8.norm.weight, backbone.stages.2.8.norm.bias, backbone.stages.2.8.pwconv1.weight, backbone.stages.2.8.pwconv1.bias, backbone.stages.2.8.pwconv2.weight, backbone.stages.2.8.pwconv2.bias, backbone.stages.3.0.gamma, backbone.stages.3.0.dwconv.weight, backbone.stages.3.0.dwconv.bias, backbone.stages.3.0.norm.weight, backbone.stages.3.0.norm.bias, backbone.stages.3.0.pwconv1.weight, backbone.stages.3.0.pwconv1.bias, backbone.stages.3.0.pwconv2.weight, backbone.stages.3.0.pwconv2.bias, backbone.stages.3.1.gamma, backbone.stages.3.1.dwconv.weight, backbone.stages.3.1.dwconv.bias, backbone.stages.3.1.norm.weight, backbone.stages.3.1.norm.bias, backbone.stages.3.1.pwconv1.weight, backbone.stages.3.1.pwconv1.bias, backbone.stages.3.1.pwconv2.weight, backbone.stages.3.1.pwconv2.bias, backbone.stages.3.2.gamma, backbone.stages.3.2.dwconv.weight, backbone.stages.3.2.dwconv.bias, backbone.stages.3.2.norm.weight, backbone.stages.3.2.norm.bias, backbone.stages.3.2.pwconv1.weight, backbone.stages.3.2.pwconv1.bias, backbone.stages.3.2.pwconv2.weight, backbone.stages.3.2.pwconv2.bias, backbone.norm0.weight, backbone.norm0.bias, backbone.norm1.weight, backbone.norm1.bias, backbone.norm2.weight, backbone.norm2.bias, backbone.norm3.weight, backbone.norm3.bias

2022-05-29 14:33:51,416 - mmdet - INFO - Start running, host: kuzuki@kuzuki-PC, work_dir: /home/kuzuki/Downloads/code/AdaMixer/work_dirs/convbackboom
2022-05-29 14:33:51,417 - mmdet - INFO - Hooks will be executed in the following order:
before_run:
(VERY_HIGH   ) StepLrUpdaterHook                  
(ABOVE_NORMAL) Fp16OptimizerHook                  
(NORMAL      ) CheckpointHook                     
(NORMAL      ) EvalHook                           
(VERY_LOW    ) TextLoggerHook                     
 -------------------- 
before_train_epoch:
(VERY_HIGH   ) StepLrUpdaterHook                  
(NORMAL      ) EvalHook                           
(NORMAL      ) NumClassCheckHook                  
(LOW         ) IterTimerHook                      
(VERY_LOW    ) TextLoggerHook                     
 -------------------- 
before_train_iter:
(VERY_HIGH   ) StepLrUpdaterHook                  
(LOW         ) IterTimerHook                      
 -------------------- 
after_train_iter:
(ABOVE_NORMAL) Fp16OptimizerHook                  
(NORMAL      ) CheckpointHook                     
(NORMAL      ) EvalHook                           
(LOW         ) IterTimerHook                      
(VERY_LOW    ) TextLoggerHook                     
 -------------------- 
after_train_epoch:
(NORMAL      ) CheckpointHook                     
(NORMAL      ) EvalHook                           
(VERY_LOW    ) TextLoggerHook                     
 -------------------- 
before_val_epoch:
(NORMAL      ) NumClassCheckHook                  
(LOW         ) IterTimerHook                      
(VERY_LOW    ) TextLoggerHook                     
 -------------------- 
before_val_iter:
(LOW         ) IterTimerHook                      
 -------------------- 
after_val_iter:
(LOW         ) IterTimerHook                      
 -------------------- 
after_val_epoch:
(VERY_LOW    ) TextLoggerHook                     
 -------------------- 
after_run:
(VERY_LOW    ) TextLoggerHook                     
 -------------------- 
2022-05-29 14:33:51,417 - mmdet - INFO - workflow: [('train', 1)], max: 12 epochs
2022-05-29 14:33:51,418 - mmdet - INFO - Checkpoints will be saved to /home/kuzuki/Downloads/code/AdaMixer/work_dirs/convbackboom by HardDiskBackend.
2022-05-29 14:35:46,168 - mmdet - INFO - Epoch [1][50/117266]	lr: 3.997e-04, eta: 37 days, 9:01:28, time: 2.295, data_time: 0.048, memory: 2469, loss_cls: 1.2331, loss_bbox: 0.6525, loss: 1.8856
2022-05-29 14:37:42,678 - mmdet - INFO - Epoch [1][100/117266]	lr: 7.995e-04, eta: 37 days, 15:53:11, time: 2.330, data_time: 0.004, memory: 2469, loss_cls: 1.0604, loss_bbox: 0.6435, loss: 1.7039
2022-05-29 14:39:36,538 - mmdet - INFO - Epoch [1][150/117266]	lr: 1.199e-03, eta: 37 days, 11:14:05, time: 2.277, data_time: 0.004, memory: 2469, loss_cls: 1.2613, loss_bbox: 0.6577, loss: 1.9191
2022-05-29 14:41:30,256 - mmdet - INFO - Epoch [1][200/117266]	lr: 1.599e-03, eta: 37 days, 8:37:26, time: 2.274, data_time: 0.004, memory: 2546, loss_cls: 2.1463, loss_bbox: 0.7501, loss: 2.8964
2022-05-29 14:43:25,691 - mmdet - INFO - Epoch [1][250/117266]	lr: 1.999e-03, eta: 37 days, 9:43:47, time: 2.309, data_time: 0.003, memory: 2546, loss_cls: 1.9150, loss_bbox: 0.8142, loss: 2.7292
2022-05-29 14:45:22,355 - mmdet - INFO - Epoch [1][300/117266]	lr: 2.398e-03, eta: 37 days, 12:03:23, time: 2.333, data_time: 0.003, memory: 2546, loss_cls: 1.5036, loss_bbox: 0.7119, loss: 2.2155
2022-05-29 14:47:16,283 - mmdet - INFO - Epoch [1][350/117266]	lr: 2.798e-03, eta: 37 days, 10:39:17, time: 2.279, data_time: 0.003, memory: 2546, loss_cls: 1.5648, loss_bbox: 0.7746, loss: 2.3394
2022-05-29 14:49:07,062 - mmdet - INFO - Epoch [1][400/117266]	lr: 3.198e-03, eta: 37 days, 6:31:09, time: 2.216, data_time: 0.003, memory: 2546, loss_cls: 2.1773, loss_bbox: 0.8828, loss: 3.0602
2022-05-29 14:51:01,760 - mmdet - INFO - Epoch [1][450/117266]	lr: 3.598e-03, eta: 37 days, 6:41:54, time: 2.294, data_time: 0.003, memory: 2546, loss_cls: 1.5223, loss_bbox: 0.7964, loss: 2.3187
2022-05-29 14:52:54,689 - mmdet - INFO - Epoch [1][500/117266]	lr: 3.997e-03, eta: 37 days, 5:27:13, time: 2.259, data_time: 0.003, memory: 2546, loss_cls: 1.7599, loss_bbox: 0.8295, loss: 2.5894
2022-05-29 14:54:48,557 - mmdet - INFO - Epoch [1][550/117266]	lr: 4.397e-03, eta: 37 days, 5:05:45, time: 2.277, data_time: 0.003, memory: 2546, loss_cls: 1.8180, loss_bbox: 0.8009, loss: 2.6189
2022-05-29 14:56:42,897 - mmdet - INFO - Epoch [1][600/117266]	lr: 4.797e-03, eta: 37 days, 5:06:02, time: 2.287, data_time: 0.003, memory: 2546, loss_cls: nan, loss_bbox: nan, loss: nan
2022-05-29 14:58:37,772 - mmdet - INFO - Epoch [1][650/117266]	lr: 5.197e-03, eta: 37 days, 5:25:14, time: 2.297, data_time: 0.004, memory: 2546, loss_cls: nan, loss_bbox: nan, loss: nan
2022-05-29 15:00:31,860 - mmdet - INFO - Epoch [1][700/117266]	lr: 5.596e-03, eta: 37 days, 5:15:04, time: 2.282, data_time: 0.004, memory: 2546, loss_cls: nan, loss_bbox: nan, loss: nan
2022-05-29 15:02:24,993 - mmdet - INFO - Epoch [1][750/117266]	lr: 5.996e-03, eta: 37 days, 4:36:10, time: 2.263, data_time: 0.004, memory: 2546, loss_cls: nan, loss_bbox: nan, loss: nan
2022-05-29 15:04:17,709 - mmdet - INFO - Epoch [1][800/117266]	lr: 6.396e-03, eta: 37 days, 3:49:41, time: 2.254, data_time: 0.003, memory: 2546, loss_cls: nan, loss_bbox: nan, loss: nan
2022-05-29 15:06:11,168 - mmdet - INFO - Epoch [1][850/117266]	lr: 6.795e-03, eta: 37 days, 3:28:55, time: 2.269, data_time: 0.004, memory: 2546, loss_cls: nan, loss_bbox: nan, loss: nan
2022-05-29 15:08:06,219 - mmdet - INFO - Epoch [1][900/117266]	lr: 7.195e-03, eta: 37 days, 3:51:42, time: 2.301, data_time: 0.003, memory: 2546, loss_cls: nan, loss_bbox: nan, loss: nan
2022-05-29 15:10:00,839 - mmdet - INFO - Epoch [1][950/117266]	lr: 7.595e-03, eta: 37 days, 4:01:16, time: 2.292, data_time: 0.003, memory: 2546, loss_cls: nan, loss_bbox: nan, loss: nan
2022-05-29 15:11:56,153 - mmdet - INFO - Exp name: convbackboom.py
2022-05-29 15:11:56,154 - mmdet - INFO - Epoch [1][1000/117266]	lr: 7.995e-03, eta: 37 days, 4:25:58, time: 2.306, data_time: 0.004, memory: 2546, loss_cls: nan, loss_bbox: nan, loss: nan
2022-05-29 15:13:48,984 - mmdet - INFO - Epoch [1][1050/117266]	lr: 8.394e-03, eta: 37 days, 3:52:40, time: 2.257, data_time: 0.004, memory: 2546, loss_cls: nan, loss_bbox: nan, loss: nan
2022-05-29 15:15:42,288 - mmdet - INFO - Epoch [1][1100/117266]	lr: 8.794e-03, eta: 37 days, 3:32:21, time: 2.266, data_time: 0.004, memory: 2546, loss_cls: nan, loss_bbox: nan, loss: nan
2022-05-29 15:17:38,650 - mmdet - INFO - Epoch [1][1150/117266]	lr: 9.194e-03, eta: 37 days, 4:15:55, time: 2.327, data_time: 0.003, memory: 2546, loss_cls: nan, loss_bbox: nan, loss: nan
2022-05-29 15:19:32,871 - mmdet - INFO - Epoch [1][1200/117266]	lr: 9.594e-03, eta: 37 days, 4:13:53, time: 2.284, data_time: 0.003, memory: 2546, loss_cls: nan, loss_bbox: nan, loss: nan
2022-05-29 15:21:27,664 - mmdet - INFO - Epoch [1][1250/117266]	lr: 9.993e-03, eta: 37 days, 4:22:36, time: 2.296, data_time: 0.003, memory: 2546, loss_cls: nan, loss_bbox: nan, loss: nan
2022-05-29 15:23:20,976 - mmdet - INFO - Epoch [1][1300/117266]	lr: 1.039e-02, eta: 37 days, 4:03:47, time: 2.266, data_time: 0.003, memory: 2546, loss_cls: nan, loss_bbox: nan, loss: nan
2022-05-29 15:25:14,927 - mmdet - INFO - Epoch [1][1350/117266]	lr: 1.079e-02, eta: 37 days, 3:57:21, time: 2.279, data_time: 0.004, memory: 2546, loss_cls: nan, loss_bbox: nan, loss: nan
2022-05-29 15:27:08,710 - mmdet - INFO - Epoch [1][1400/117266]	lr: 1.119e-02, eta: 37 days, 3:48:24, time: 2.276, data_time: 0.003, memory: 2546, loss_cls: nan, loss_bbox: nan, loss: nan
2022-05-29 15:29:03,962 - mmdet - INFO - Epoch [1][1450/117266]	lr: 1.159e-02, eta: 37 days, 4:03:40, time: 2.305, data_time: 0.003, memory: 2546, loss_cls: nan, loss_bbox: nan, loss: nan
2022-05-29 15:30:59,872 - mmdet - INFO - Epoch [1][1500/117266]	lr: 1.199e-02, eta: 37 days, 4:28:04, time: 2.318, data_time: 0.003, memory: 2546, loss_cls: nan, loss_bbox: nan, loss: nan
2022-05-29 15:32:54,601 - mmdet - INFO - Epoch [1][1550/117266]	lr: 1.200e-02, eta: 37 days, 4:32:57, time: 2.295, data_time: 0.003, memory: 2546, loss_cls: nan, loss_bbox: nan, loss: nan
2022-05-29 15:34:47,964 - mmdet - INFO - Epoch [1][1600/117266]	lr: 1.200e-02, eta: 37 days, 4:17:22, time: 2.267, data_time: 0.003, memory: 2546, loss_cls: nan, loss_bbox: nan, loss: nan
2022-05-29 15:36:42,288 - mmdet - INFO - Epoch [1][1650/117266]	lr: 1.200e-02, eta: 37 days, 4:16:17, time: 2.286, data_time: 0.003, memory: 2546, loss_cls: nan, loss_bbox: nan, loss: nan
2022-05-29 15:38:36,542 - mmdet - INFO - Epoch [1][1700/117266]	lr: 1.200e-02, eta: 37 days, 4:14:10, time: 2.285, data_time: 0.005, memory: 2546, loss_cls: nan, loss_bbox: nan, loss: nan
2022-05-29 15:40:29,957 - mmdet - INFO - Epoch [1][1750/117266]	lr: 1.200e-02, eta: 37 days, 4:00:51, time: 2.268, data_time: 0.005, memory: 2546, loss_cls: nan, loss_bbox: nan, loss: nan
2022-05-29 15:42:22,987 - mmdet - INFO - Epoch [1][1800/117266]	lr: 1.200e-02, eta: 37 days, 3:43:08, time: 2.261, data_time: 0.006, memory: 2546, loss_cls: nan, loss_bbox: nan, loss: nan
2022-05-29 15:44:14,087 - mmdet - INFO - Epoch [1][1850/117266]	lr: 1.200e-02, eta: 37 days, 3:01:52, time: 2.222, data_time: 0.004, memory: 2546, loss_cls: nan, loss_bbox: nan, loss: nan
2022-05-29 15:46:07,650 - mmdet - INFO - Epoch [1][1900/117266]	lr: 1.200e-02, eta: 37 days, 2:53:01, time: 2.271, data_time: 0.004, memory: 2546, loss_cls: nan, loss_bbox: nan, loss: nan
2022-05-29 15:48:01,475 - mmdet - INFO - Epoch [1][1950/117266]	lr: 1.200e-02, eta: 37 days, 2:47:41, time: 2.276, data_time: 0.003, memory: 2546, loss_cls: nan, loss_bbox: nan, loss: nan
2022-05-29 15:49:55,868 - mmdet - INFO - Exp name: convbackboom.py
2022-05-29 15:49:55,869 - mmdet - INFO - Epoch [1][2000/117266]	lr: 1.200e-02, eta: 37 days, 2:49:11, time: 2.288, data_time: 0.003, memory: 2546, loss_cls: nan, loss_bbox: nan, loss: nan
2022-05-29 15:51:51,462 - mmdet - INFO - Epoch [1][2050/117266]	lr: 1.200e-02, eta: 37 days, 3:04:12, time: 2.312, data_time: 0.004, memory: 2546, loss_cls: nan, loss_bbox: nan, loss: nan
2022-05-29 15:53:45,548 - mmdet - INFO - Epoch [1][2100/117266]	lr: 1.200e-02, eta: 37 days, 3:01:37, time: 2.282, data_time: 0.004, memory: 2546, loss_cls: nan, loss_bbox: nan, loss: nan
2022-05-29 15:55:39,642 - mmdet - INFO - Epoch [1][2150/117266]	lr: 1.200e-02, eta: 37 days, 2:59:09, time: 2.282, data_time: 0.004, memory: 2546, loss_cls: nan, loss_bbox: nan, loss: nan
2022-05-29 15:57:33,396 - mmdet - INFO - Epoch [1][2200/117266]	lr: 1.200e-02, eta: 37 days, 2:53:06, time: 2.275, data_time: 0.004, memory: 2546, loss_cls: nan, loss_bbox: nan, loss: nan
2022-05-29 15:59:27,418 - mmdet - INFO - Epoch [1][2250/117266]	lr: 1.200e-02, eta: 37 days, 2:50:01, time: 2.280, data_time: 0.004, memory: 2546, loss_cls: nan, loss_bbox: nan, loss: nan
2022-05-29 16:01:21,451 - mmdet - INFO - Epoch [1][2300/117266]	lr: 1.200e-02, eta: 37 days, 2:47:05, time: 2.281, data_time: 0.004, memory: 2546, loss_cls: nan, loss_bbox: nan, loss: nan
2022-05-29 16:03:13,783 - mmdet - INFO - Epoch [1][2350/117266]	lr: 1.200e-02, eta: 37 days, 2:27:15, time: 2.247, data_time: 0.004, memory: 2546, loss_cls: nan, loss_bbox: nan, loss: nan
2022-05-29 16:05:07,396 - mmdet - INFO - Epoch [1][2400/117266]	lr: 1.200e-02, eta: 37 days, 2:20:41, time: 2.272, data_time: 0.004, memory: 2546, loss_cls: nan, loss_bbox: nan, loss: nan
2022-05-29 16:07:02,255 - mmdet - INFO - Epoch [1][2450/117266]	lr: 1.200e-02, eta: 37 days, 2:26:12, time: 2.297, data_time: 0.003, memory: 2546, loss_cls: nan, loss_bbox: nan, loss: nan
2022-05-29 16:08:55,557 - mmdet - INFO - Epoch [1][2500/117266]	lr: 1.200e-02, eta: 37 days, 2:16:50, time: 2.266, data_time: 0.004, memory: 2546, loss_cls: nan, loss_bbox: nan, loss: nan
2022-05-29 16:10:47,571 - mmdet - INFO - Epoch [1][2550/117266]	lr: 1.200e-02, eta: 37 days, 1:55:57, time: 2.240, data_time: 0.004, memory: 2546, loss_cls: nan, loss_bbox: nan, loss: nan
2022-05-29 16:12:38,659 - mmdet - INFO - Epoch [1][2600/117266]	lr: 1.200e-02, eta: 37 days, 1:27:26, time: 2.222, data_time: 0.004, memory: 2546, loss_cls: nan, loss_bbox: nan, loss: nan
2022-05-29 16:14:31,304 - mmdet - INFO - Epoch [1][2650/117266]	lr: 1.200e-02, eta: 37 days, 1:13:42, time: 2.253, data_time: 0.003, memory: 2546, loss_cls: nan, loss_bbox: nan, loss: nan
2022-05-29 16:16:24,256 - mmdet - INFO - Epoch [1][2700/117266]	lr: 1.200e-02, eta: 37 days, 1:03:04, time: 2.259, data_time: 0.004, memory: 2546, loss_cls: nan, loss_bbox: nan, loss: nan
2022-05-29 16:18:19,176 - mmdet - INFO - Epoch [1][2750/117266]	lr: 1.200e-02, eta: 37 days, 1:09:29, time: 2.298, data_time: 0.004, memory: 2546, loss_cls: nan, loss_bbox: nan, loss: nan
2022-05-29 16:20:12,406 - mmdet - INFO - Epoch [1][2800/117266]	lr: 1.200e-02, eta: 37 days, 1:01:30, time: 2.265, data_time: 0.004, memory: 2546, loss_cls: nan, loss_bbox: nan, loss: nan
2022-05-29 16:22:07,566 - mmdet - INFO - Epoch [1][2850/117266]	lr: 1.200e-02, eta: 37 days, 1:09:34, time: 2.303, data_time: 0.004, memory: 2546, loss_cls: nan, loss_bbox: nan, loss: nan
2022-05-29 16:24:04,034 - mmdet - INFO - Epoch [1][2900/117266]	lr: 1.200e-02, eta: 37 days, 1:27:51, time: 2.329, data_time: 0.004, memory: 2546, loss_cls: nan, loss_bbox: nan, loss: nan
2022-05-29 16:25:56,722 - mmdet - INFO - Epoch [1][2950/117266]	lr: 1.200e-02, eta: 37 days, 1:15:28, time: 2.254, data_time: 0.004, memory: 2546, loss_cls: nan, loss_bbox: nan, loss: nan
2022-05-29 16:27:53,114 - mmdet - INFO - Exp name: convbackboom.py
2022-05-29 16:27:53,114 - mmdet - INFO - Epoch [1][3000/117266]	lr: 1.200e-02, eta: 37 days, 1:32:19, time: 2.328, data_time: 0.004, memory: 2546, loss_cls: nan, loss_bbox: nan, loss: nan
2022-05-29 16:29:46,403 - mmdet - INFO - Epoch [1][3050/117266]	lr: 1.200e-02, eta: 37 days, 1:24:44, time: 2.266, data_time: 0.004, memory: 2546, loss_cls: nan, loss_bbox: nan, loss: nan
2022-05-29 16:31:41,162 - mmdet - INFO - Epoch [1][3100/117266]	lr: 1.200e-02, eta: 37 days, 1:28:27, time: 2.295, data_time: 0.005, memory: 2546, loss_cls: nan, loss_bbox: nan, loss: nan
2022-05-29 16:33:34,334 - mmdet - INFO - Epoch [1][3150/117266]	lr: 1.200e-02, eta: 37 days, 1:20:11, time: 2.263, data_time: 0.004, memory: 2546, loss_cls: nan, loss_bbox: nan, loss: nan
2022-05-29 16:35:26,910 - mmdet - INFO - Epoch [1][3200/117266]	lr: 1.200e-02, eta: 37 days, 1:07:46, time: 2.252, data_time: 0.004, memory: 2546, loss_cls: nan, loss_bbox: nan, loss: nan
2022-05-29 16:37:20,852 - mmdet - INFO - Epoch [1][3250/117266]	lr: 1.200e-02, eta: 37 days, 1:05:31, time: 2.279, data_time: 0.004, memory: 2546, loss_cls: nan, loss_bbox: nan, loss: nan
2022-05-29 16:39:14,698 - mmdet - INFO - Epoch [1][3300/117266]	lr: 1.200e-02, eta: 37 days, 1:02:35, time: 2.277, data_time: 0.004, memory: 2546, loss_cls: nan, loss_bbox: nan, loss: nan
2022-05-29 16:41:09,382 - mmdet - INFO - Epoch [1][3350/117266]	lr: 1.200e-02, eta: 37 days, 1:05:32, time: 2.294, data_time: 0.004, memory: 2546, loss_cls: nan, loss_bbox: nan, loss: nan
2022-05-29 16:43:05,666 - mmdet - INFO - Epoch [1][3400/117266]	lr: 1.200e-02, eta: 37 days, 1:19:22, time: 2.326, data_time: 0.004, memory: 2546, loss_cls: nan, loss_bbox: nan, loss: nan
2022-05-29 16:44:57,829 - mmdet - INFO - Epoch [1][3450/117266]	lr: 1.200e-02, eta: 37 days, 1:04:47, time: 2.243, data_time: 0.004, memory: 2546, loss_cls: nan, loss_bbox: nan, loss: nan
2022-05-29 16:46:51,276 - mmdet - INFO - Epoch [1][3500/117266]	lr: 1.200e-02, eta: 37 days, 0:59:08, time: 2.269, data_time: 0.004, memory: 2546, loss_cls: nan, loss_bbox: nan, loss: nan
2022-05-29 16:48:47,091 - mmdet - INFO - Epoch [1][3550/117266]	lr: 1.200e-02, eta: 37 days, 1:09:13, time: 2.316, data_time: 0.004, memory: 2546, loss_cls: nan, loss_bbox: nan, loss: nan
2022-05-29 16:50:41,522 - mmdet - INFO - Epoch [1][3600/117266]	lr: 1.200e-02, eta: 37 days, 1:09:58, time: 2.289, data_time: 0.004, memory: 2546, loss_cls: nan, loss_bbox: nan, loss: nan
2022-05-29 16:52:31,606 - mmdet - INFO - Epoch [1][3650/117266]	lr: 1.200e-02, eta: 37 days, 0:42:47, time: 2.202, data_time: 0.003, memory: 2546, loss_cls: nan, loss_bbox: nan, loss: nan
2022-05-29 16:54:26,523 - mmdet - INFO - Epoch [1][3700/117266]	lr: 1.200e-02, eta: 37 days, 0:46:50, time: 2.298, data_time: 0.005, memory: 2546, loss_cls: nan, loss_bbox: nan, loss: nan
2022-05-29 16:56:24,809 - mmdet - INFO - Epoch [1][3750/117266]	lr: 1.200e-02, eta: 37 days, 1:11:44, time: 2.366, data_time: 0.008, memory: 2546, loss_cls: nan, loss_bbox: nan, loss: nan
2022-05-29 16:58:24,726 - mmdet - INFO - Epoch [1][3800/117266]	lr: 1.200e-02, eta: 37 days, 1:45:59, time: 2.398, data_time: 0.008, memory: 2546, loss_cls: nan, loss_bbox: nan, loss: nan
2022-05-29 17:00:22,429 - mmdet - INFO - Epoch [1][3850/117266]	lr: 1.200e-02, eta: 37 days, 2:05:50, time: 2.354, data_time: 0.008, memory: 2546, loss_cls: nan, loss_bbox: nan, loss: nan
2022-05-29 17:02:18,405 - mmdet - INFO - Epoch [1][3900/117266]	lr: 1.200e-02, eta: 37 days, 2:14:46, time: 2.320, data_time: 0.004, memory: 2546, loss_cls: nan, loss_bbox: nan, loss: nan
2022-05-29 17:04:11,526 - mmdet - INFO - Epoch [1][3950/117266]	lr: 1.200e-02, eta: 37 days, 2:06:31, time: 2.262, data_time: 0.003, memory: 2546, loss_cls: nan, loss_bbox: nan, loss: nan
2022-05-29 17:06:07,460 - mmdet - INFO - Exp name: convbackboom.py
2022-05-29 17:06:07,460 - mmdet - INFO - Epoch [1][4000/117266]	lr: 1.200e-02, eta: 37 days, 2:14:53, time: 2.319, data_time: 0.003, memory: 2546, loss_cls: nan, loss_bbox: nan, loss: nan
2022-05-29 17:08:01,979 - mmdet - INFO - Epoch [1][4050/117266]	lr: 1.200e-02, eta: 37 days, 2:14:49, time: 2.290, data_time: 0.003, memory: 2546, loss_cls: nan, loss_bbox: nan, loss: nan
2022-05-29 17:09:55,601 - mmdet - INFO - Epoch [1][4100/117266]	lr: 1.200e-02, eta: 37 days, 2:09:36, time: 2.272, data_time: 0.003, memory: 2546, loss_cls: nan, loss_bbox: nan, loss: nan
2022-05-29 17:11:50,977 - mmdet - INFO - Epoch [1][4150/117266]	lr: 1.200e-02, eta: 37 days, 2:14:20, time: 2.308, data_time: 0.003, memory: 2546, loss_cls: nan, loss_bbox: nan, loss: nan
2022-05-29 17:13:44,408 - mmdet - INFO - Epoch [1][4200/117266]	lr: 1.200e-02, eta: 37 days, 2:08:05, time: 2.269, data_time: 0.003, memory: 2546, loss_cls: nan, loss_bbox: nan, loss: nan
2022-05-29 17:15:37,678 - mmdet - INFO - Epoch [1][4250/117266]	lr: 1.200e-02, eta: 37 days, 2:01:03, time: 2.265, data_time: 0.003, memory: 2546, loss_cls: nan, loss_bbox: nan, loss: nan
2022-05-29 17:17:29,079 - mmdet - INFO - Epoch [1][4300/117266]	lr: 1.200e-02, eta: 37 days, 1:43:59, time: 2.228, data_time: 0.003, memory: 2546, loss_cls: nan, loss_bbox: nan, loss: nan
2022-05-29 17:19:22,064 - mmdet - INFO - Epoch [1][4350/117266]	lr: 1.200e-02, eta: 37 days, 1:35:46, time: 2.260, data_time: 0.003, memory: 2546, loss_cls: nan, loss_bbox: nan, loss: nan
2022-05-29 17:21:18,205 - mmdet - INFO - Epoch [1][4400/117266]	lr: 1.200e-02, eta: 37 days, 1:44:28, time: 2.323, data_time: 0.003, memory: 2546, loss_cls: nan, loss_bbox: nan, loss: nan
2022-05-29 17:23:10,587 - mmdet - INFO - Epoch [1][4450/117266]	lr: 1.200e-02, eta: 37 days, 1:33:11, time: 2.248, data_time: 0.003, memory: 2546, loss_cls: nan, loss_bbox: nan, loss: nan
2022-05-29 17:25:04,500 - mmdet - INFO - Epoch [1][4500/117266]	lr: 1.200e-02, eta: 37 days, 1:30:04, time: 2.278, data_time: 0.003, memory: 2546, loss_cls: nan, loss_bbox: nan, loss: nan
2022-05-29 17:26:58,296 - mmdet - INFO - Epoch [1][4550/117266]	lr: 1.200e-02, eta: 37 days, 1:26:22, time: 2.276, data_time: 0.003, memory: 2546, loss_cls: nan, loss_bbox: nan, loss: nan
2022-05-29 17:28:49,581 - mmdet - INFO - Epoch [1][4600/117266]	lr: 1.200e-02, eta: 37 days, 1:09:57, time: 2.226, data_time: 0.003, memory: 2546, loss_cls: nan, loss_bbox: nan, loss: nan
2022-05-29 17:30:43,634 - mmdet - INFO - Epoch [1][4650/117266]	lr: 1.200e-02, eta: 37 days, 1:07:45, time: 2.281, data_time: 0.003, memory: 2546, loss_cls: nan, loss_bbox: nan, loss: nan
